================================================================================
MULTI-TASK DEBERTA FOR CHECKWORTHINESS
================================================================================

Model: microsoft/deberta-v3-large
Phase: all
Batch size: 16 x 2 = 32 effective
Learning rate: 1e-05 (encoder), 0.001 (aux heads)
Lambda weights: check=0.3, verif=0.3, harm=0.2
Entropy weighting: True
Device: cuda

Loading tokenizer...
Loading data...
  Train: 22402 samples
  Dev: 1031 samples
  Test: 341 samples
Preparing datasets...

Class imbalance: 17003:5399 (weight: 3.15)

Initializing model...
2026-05-12 13:46:04.420872: I tensorflow/core/util/port.cc:153] oneDNN custom operations are on. You may see slightly different numerical results due to floating-point round-off errors from different computation orders. To turn them off, set the environment variable `TF_ENABLE_ONEDNN_OPTS=0`.
2026-05-12 13:46:04.435874: E external/local_xla/xla/stream_executor/cuda/cuda_fft.cc:467] Unable to register cuFFT factory: Attempting to register factory for plugin cuFFT when one has already been registered
WARNING: All log messages before absl::InitializeLog() is called are written to STDERR
E0000 00:00:1778593564.452735    4119 cuda_dnn.cc:8579] Unable to register cuDNN factory: Attempting to register factory for plugin cuDNN when one has already been registered
E0000 00:00:1778593564.458064    4119 cuda_blas.cc:1407] Unable to register cuBLAS factory: Attempting to register factory for plugin cuBLAS when one has already been registered
W0000 00:00:1778593564.471103    4119 computation_placer.cc:177] computation placer already registered. Please check linkage and avoid linking the same target more than once.
W0000 00:00:1778593564.471126    4119 computation_placer.cc:177] computation placer already registered. Please check linkage and avoid linking the same target more than once.
W0000 00:00:1778593564.471128    4119 computation_placer.cc:177] computation placer already registered. Please check linkage and avoid linking the same target more than once.
W0000 00:00:1778593564.471130    4119 computation_placer.cc:177] computation placer already registered. Please check linkage and avoid linking the same target more than once.
2026-05-12 13:46:04.474947: I tensorflow/core/platform/cpu_feature_guard.cc:210] This TensorFlow binary is optimized to use available CPU instructions in performance-critical operations.
To enable the following instructions: AVX512F AVX512_VNNI, in other operations, rebuild TensorFlow with the appropriate compiler flags.

================================================================================
PHASE 1
================================================================================
Freezing: encoder + main head | Training: auxiliary heads
Trainable parameters: 787,971 / 434,802,181

Epoch 1/3
----------------------------------------
  Step 0/1401 | Loss: 0.8193 | Main: 0.6903
  Step 50/1401 | Loss: 0.7988 | Main: 0.7068
  Step 100/1401 | Loss: 0.8251 | Main: 0.7528
  Step 150/1401 | Loss: 0.8108 | Main: 0.7027
  Step 200/1401 | Loss: 0.7976 | Main: 0.6980
  Step 250/1401 | Loss: 0.8046 | Main: 0.7069
  Step 300/1401 | Loss: 0.8215 | Main: 0.7541
  Step 350/1401 | Loss: 0.9135 | Main: 0.8218
  Step 400/1401 | Loss: 0.9332 | Main: 0.8567
  Step 450/1401 | Loss: 0.7725 | Main: 0.6994
  Step 500/1401 | Loss: 0.8220 | Main: 0.7217
  Step 550/1401 | Loss: 0.7680 | Main: 0.6696
  Step 600/1401 | Loss: 0.7182 | Main: 0.6048
  Step 650/1401 | Loss: 0.7587 | Main: 0.6779
  Step 700/1401 | Loss: 0.7554 | Main: 0.7049
  Step 750/1401 | Loss: 0.7139 | Main: 0.6559
  Step 800/1401 | Loss: 0.6950 | Main: 0.6526
  Step 850/1401 | Loss: 0.7851 | Main: 0.7123
  Step 900/1401 | Loss: 0.6936 | Main: 0.6119
  Step 950/1401 | Loss: 0.7814 | Main: 0.7413
  Step 1000/1401 | Loss: 0.8676 | Main: 0.7911
  Step 1050/1401 | Loss: 0.7850 | Main: 0.7201
  Step 1100/1401 | Loss: 0.7095 | Main: 0.6491
  Step 1150/1401 | Loss: 0.7877 | Main: 0.6741
  Step 1200/1401 | Loss: 0.8425 | Main: 0.7819
  Step 1250/1401 | Loss: 0.7593 | Main: 0.6864
  Step 1300/1401 | Loss: 0.7932 | Main: 0.7054
  Step 1350/1401 | Loss: 0.7991 | Main: 0.6904
  Step 1400/1401 | Loss: 1.1157 | Main: 1.1040
Train Loss: 0.8049 | Main: 0.7216
Dev Loss: 0.7985 | Best F1: 0.3751 @ thresh 0.30
  ↑ New best!

Epoch 2/3
----------------------------------------
  Step 0/1401 | Loss: 0.9160 | Main: 0.8392
  Step 50/1401 | Loss: 0.8144 | Main: 0.7686
  Step 100/1401 | Loss: 0.8917 | Main: 0.7898
  Step 150/1401 | Loss: 0.8436 | Main: 0.7175
  Step 200/1401 | Loss: 0.7419 | Main: 0.6633
  Step 250/1401 | Loss: 0.7512 | Main: 0.7075
  Step 300/1401 | Loss: 0.7626 | Main: 0.6694
  Step 350/1401 | Loss: 0.8987 | Main: 0.8312
  Step 400/1401 | Loss: 0.7902 | Main: 0.7274
  Step 450/1401 | Loss: 0.7739 | Main: 0.6888
  Step 500/1401 | Loss: 0.8622 | Main: 0.7931
  Step 550/1401 | Loss: 0.7474 | Main: 0.6870
  Step 600/1401 | Loss: 0.7478 | Main: 0.6487
  Step 650/1401 | Loss: 0.8549 | Main: 0.7837
  Step 700/1401 | Loss: 0.7228 | Main: 0.6345
  Step 750/1401 | Loss: 0.7558 | Main: 0.7162
  Step 800/1401 | Loss: 0.8183 | Main: 0.7747
  Step 850/1401 | Loss: 0.7439 | Main: 0.6611
  Step 900/1401 | Loss: 0.7521 | Main: 0.6914
  Step 950/1401 | Loss: 0.7428 | Main: 0.6753
  Step 1000/1401 | Loss: 0.8520 | Main: 0.7465
  Step 1050/1401 | Loss: 0.7244 | Main: 0.6672
  Step 1100/1401 | Loss: 0.8535 | Main: 0.7825
  Step 1150/1401 | Loss: 0.8647 | Main: 0.7652
  Step 1200/1401 | Loss: 0.7943 | Main: 0.7426
  Step 1250/1401 | Loss: 0.7633 | Main: 0.6207
  Step 1300/1401 | Loss: 0.7834 | Main: 0.7130
  Step 1350/1401 | Loss: 0.9015 | Main: 0.7938
  Step 1400/1401 | Loss: 0.8939 | Main: 0.8252
Train Loss: 0.8002 | Main: 0.7233
Dev Loss: 0.7922 | Best F1: 0.3751 @ thresh 0.30

Epoch 3/3
----------------------------------------
  Step 0/1401 | Loss: 0.8346 | Main: 0.7907
  Step 50/1401 | Loss: 0.8310 | Main: 0.7561
  Step 100/1401 | Loss: 0.7921 | Main: 0.6886
  Step 150/1401 | Loss: 0.8089 | Main: 0.7523
  Step 200/1401 | Loss: 0.7675 | Main: 0.7023
  Step 250/1401 | Loss: 0.7237 | Main: 0.6671
  Step 300/1401 | Loss: 0.7798 | Main: 0.7061
  Step 350/1401 | Loss: 0.6979 | Main: 0.6248
  Step 400/1401 | Loss: 0.8711 | Main: 0.8013
  Step 450/1401 | Loss: 0.7922 | Main: 0.7222
  Step 500/1401 | Loss: 0.7879 | Main: 0.6837
  Step 550/1401 | Loss: 0.7107 | Main: 0.6425
  Step 600/1401 | Loss: 0.6770 | Main: 0.5983
  Step 650/1401 | Loss: 0.8015 | Main: 0.7567
  Step 700/1401 | Loss: 0.8444 | Main: 0.7783
  Step 750/1401 | Loss: 0.8140 | Main: 0.7453
  Step 800/1401 | Loss: 0.8049 | Main: 0.7401
  Step 850/1401 | Loss: 0.7399 | Main: 0.6434
  Step 900/1401 | Loss: 0.7247 | Main: 0.6733
  Step 950/1401 | Loss: 0.8317 | Main: 0.7642
  Step 1000/1401 | Loss: 0.8301 | Main: 0.7722
  Step 1050/1401 | Loss: 0.6943 | Main: 0.6508
  Step 1100/1401 | Loss: 0.7881 | Main: 0.7295
  Step 1150/1401 | Loss: 0.7962 | Main: 0.7456
  Step 1200/1401 | Loss: 0.8386 | Main: 0.7984
  Step 1250/1401 | Loss: 0.8360 | Main: 0.7786
  Step 1300/1401 | Loss: 0.7492 | Main: 0.7018
  Step 1350/1401 | Loss: 0.8597 | Main: 0.7886
  Step 1400/1401 | Loss: 0.6907 | Main: 0.5615
Train Loss: 0.7966 | Main: 0.7224
Dev Loss: 0.7889 | Best F1: 0.3751 @ thresh 0.30
Checkpoint saved: /home/ubuntu/explainableACD/experiments/results/deberta_mtl_cikm_20260512_134553/checkpoint_phase1.pt

================================================================================
PHASE 2
================================================================================
Training: all parameters
Trainable parameters: 434,802,181 / 434,802,181

Epoch 1/5
----------------------------------------
  Step 0/1401 | Loss: 0.7530 | Main: 0.6987
  Step 50/1401 | Loss: 0.7742 | Main: 0.6847
  Step 100/1401 | Loss: 0.8105 | Main: 0.7330
  Step 150/1401 | Loss: 0.8213 | Main: 0.7263
  Step 200/1401 | Loss: 0.7237 | Main: 0.6525
  Step 250/1401 | Loss: 0.4939 | Main: 0.4412
  Step 300/1401 | Loss: 0.2833 | Main: 0.2267
  Step 350/1401 | Loss: 0.7948 | Main: 0.7167
  Step 400/1401 | Loss: 0.3706 | Main: 0.3091
  Step 450/1401 | Loss: 0.3994 | Main: 0.3286
  Step 500/1401 | Loss: 0.7096 | Main: 0.6432
  Step 550/1401 | Loss: 0.4976 | Main: 0.4501
  Step 600/1401 | Loss: 0.2552 | Main: 0.2266
  Step 650/1401 | Loss: 0.4193 | Main: 0.4023
  Step 700/1401 | Loss: 0.4233 | Main: 0.3649
  Step 750/1401 | Loss: 0.1527 | Main: 0.1202
  Step 800/1401 | Loss: 0.5327 | Main: 0.4577
  Step 850/1401 | Loss: 0.7602 | Main: 0.7180
  Step 900/1401 | Loss: 0.2612 | Main: 0.2386
  Step 950/1401 | Loss: 0.3171 | Main: 0.2715
  Step 1000/1401 | Loss: 0.3655 | Main: 0.2966
  Step 1050/1401 | Loss: 0.3804 | Main: 0.3466
  Step 1100/1401 | Loss: 0.3739 | Main: 0.3154
  Step 1150/1401 | Loss: 0.2897 | Main: 0.2665
  Step 1200/1401 | Loss: 0.3143 | Main: 0.2689
  Step 1250/1401 | Loss: 0.1206 | Main: 0.0910
  Step 1300/1401 | Loss: 0.2401 | Main: 0.2220
  Step 1350/1401 | Loss: 0.4024 | Main: 0.3872
  Step 1400/1401 | Loss: 0.0753 | Main: 0.0720
Train Loss: 0.4619 | Main: 0.4134
Dev Loss: 0.1083 | Best F1: 0.9665 @ thresh 0.70
  ↑ New best!

Epoch 2/5
----------------------------------------
  Step 0/1401 | Loss: 0.2465 | Main: 0.2119
  Step 50/1401 | Loss: 0.2185 | Main: 0.1972
  Step 100/1401 | Loss: 0.1132 | Main: 0.0686
  Step 150/1401 | Loss: 0.3459 | Main: 0.3096
  Step 200/1401 | Loss: 0.2130 | Main: 0.1714
  Step 250/1401 | Loss: 0.0888 | Main: 0.0721
  Step 300/1401 | Loss: 0.6481 | Main: 0.5980
  Step 350/1401 | Loss: 0.2302 | Main: 0.1860
  Step 400/1401 | Loss: 0.2955 | Main: 0.2786
  Step 450/1401 | Loss: 0.2611 | Main: 0.2182
  Step 500/1401 | Loss: 0.6456 | Main: 0.6131
  Step 550/1401 | Loss: 0.4057 | Main: 0.3824
  Step 600/1401 | Loss: 0.3763 | Main: 0.3576
  Step 650/1401 | Loss: 0.2183 | Main: 0.1924
  Step 700/1401 | Loss: 0.3686 | Main: 0.3382
  Step 750/1401 | Loss: 0.1760 | Main: 0.1383
  Step 800/1401 | Loss: 0.2694 | Main: 0.2356
  Step 850/1401 | Loss: 0.3036 | Main: 0.2682
  Step 900/1401 | Loss: 0.3055 | Main: 0.2634
  Step 950/1401 | Loss: 0.1752 | Main: 0.1543
  Step 1000/1401 | Loss: 0.2367 | Main: 0.1935
  Step 1050/1401 | Loss: 0.5083 | Main: 0.4765
  Step 1100/1401 | Loss: 0.3990 | Main: 0.3617
  Step 1150/1401 | Loss: 0.2996 | Main: 0.2634
  Step 1200/1401 | Loss: 0.5481 | Main: 0.5020
  Step 1250/1401 | Loss: 0.0925 | Main: 0.0660
  Step 1300/1401 | Loss: 0.4778 | Main: 0.4523
  Step 1350/1401 | Loss: 0.1907 | Main: 0.1573
  Step 1400/1401 | Loss: 1.0467 | Main: 0.9684
Train Loss: 0.2831 | Main: 0.2498
Dev Loss: 0.0798 | Best F1: 0.9630 @ thresh 0.70

Epoch 3/5
----------------------------------------
  Step 0/1401 | Loss: 0.2112 | Main: 0.1790
  Step 50/1401 | Loss: 0.2948 | Main: 0.2493
  Step 100/1401 | Loss: 0.0650 | Main: 0.0286
  Step 150/1401 | Loss: 0.0476 | Main: 0.0240
  Step 200/1401 | Loss: 0.0191 | Main: 0.0125
  Step 250/1401 | Loss: 0.1333 | Main: 0.0991
  Step 300/1401 | Loss: 0.2896 | Main: 0.2623
  Step 350/1401 | Loss: 0.1136 | Main: 0.0925
  Step 400/1401 | Loss: 0.1505 | Main: 0.1268
  Step 450/1401 | Loss: 0.2886 | Main: 0.2617
  Step 500/1401 | Loss: 0.1227 | Main: 0.0898
  Step 550/1401 | Loss: 0.1547 | Main: 0.1225
  Step 600/1401 | Loss: 0.2660 | Main: 0.2506
  Step 650/1401 | Loss: 0.3583 | Main: 0.3305
  Step 700/1401 | Loss: 0.2093 | Main: 0.1792
  Step 750/1401 | Loss: 0.0721 | Main: 0.0332
  Step 800/1401 | Loss: 0.0500 | Main: 0.0318
  Step 850/1401 | Loss: 0.0438 | Main: 0.0344
  Step 900/1401 | Loss: 0.0831 | Main: 0.0646
  Step 950/1401 | Loss: 0.0702 | Main: 0.0360
  Step 1000/1401 | Loss: 0.3617 | Main: 0.3286
  Step 1050/1401 | Loss: 0.1400 | Main: 0.1026
  Step 1100/1401 | Loss: 0.1751 | Main: 0.1538
  Step 1150/1401 | Loss: 0.2125 | Main: 0.1650
  Step 1200/1401 | Loss: 0.1369 | Main: 0.0985
  Step 1250/1401 | Loss: 0.0997 | Main: 0.0575
  Step 1300/1401 | Loss: 0.3976 | Main: 0.3648
  Step 1350/1401 | Loss: 0.2229 | Main: 0.1761
  Step 1400/1401 | Loss: 1.4151 | Main: 1.4103
Train Loss: 0.1906 | Main: 0.1604
Dev Loss: 0.0767 | Best F1: 0.9608 @ thresh 0.65

Epoch 4/5
----------------------------------------
  Step 0/1401 | Loss: 0.0685 | Main: 0.0470
  Step 50/1401 | Loss: 0.0801 | Main: 0.0445
  Step 100/1401 | Loss: 0.2391 | Main: 0.2198
  Step 150/1401 | Loss: 0.0890 | Main: 0.0596
  Step 200/1401 | Loss: 0.0346 | Main: 0.0030
  Step 250/1401 | Loss: 0.1280 | Main: 0.0659
  Step 300/1401 | Loss: 0.0678 | Main: 0.0284
  Step 350/1401 | Loss: 0.0519 | Main: 0.0200
  Step 400/1401 | Loss: 0.1174 | Main: 0.0853
  Step 450/1401 | Loss: 0.0427 | Main: 0.0261
  Step 500/1401 | Loss: 0.0845 | Main: 0.0229
  Step 550/1401 | Loss: 0.3934 | Main: 0.3709
  Step 600/1401 | Loss: 0.1739 | Main: 0.1318
  Step 650/1401 | Loss: 0.0399 | Main: 0.0190
  Step 700/1401 | Loss: 0.0243 | Main: 0.0069
  Step 750/1401 | Loss: 0.0353 | Main: 0.0089
  Step 800/1401 | Loss: 0.2257 | Main: 0.2091
  Step 850/1401 | Loss: 0.0448 | Main: 0.0132
  Step 900/1401 | Loss: 0.0771 | Main: 0.0689
  Step 950/1401 | Loss: 0.0691 | Main: 0.0433
  Step 1000/1401 | Loss: 0.2885 | Main: 0.2350
  Step 1050/1401 | Loss: 0.0362 | Main: 0.0073
  Step 1100/1401 | Loss: 0.1887 | Main: 0.1672
  Step 1150/1401 | Loss: 0.0598 | Main: 0.0302
  Step 1200/1401 | Loss: 0.0671 | Main: 0.0353
  Step 1250/1401 | Loss: 0.3540 | Main: 0.3281
  Step 1300/1401 | Loss: 0.0328 | Main: 0.0197
  Step 1350/1401 | Loss: 0.0687 | Main: 0.0548
  Step 1400/1401 | Loss: 2.1711 | Main: 2.1658
Train Loss: 0.1178 | Main: 0.0891
Dev Loss: 0.0813 | Best F1: 0.9555 @ thresh 0.60
  Early stopping after 3 epochs without improvement
Checkpoint saved: /home/ubuntu/explainableACD/experiments/results/deberta_mtl_cikm_20260512_134553/checkpoint_phase2.pt

================================================================================
PHASE 3
================================================================================
Freezing: auxiliary heads | Training: encoder + main head
Trainable parameters: 434,014,210 / 434,802,181

Epoch 1/2
----------------------------------------
  Step 0/1401 | Loss: 0.1322 | Main: 0.1322
  Step 50/1401 | Loss: 0.4121 | Main: 0.4121
  Step 100/1401 | Loss: 0.3279 | Main: 0.3279
  Step 150/1401 | Loss: 0.8895 | Main: 0.8895
  Step 200/1401 | Loss: 0.2487 | Main: 0.2487
  Step 250/1401 | Loss: 0.4354 | Main: 0.4354
  Step 300/1401 | Loss: 0.0572 | Main: 0.0572
  Step 350/1401 | Loss: 0.0474 | Main: 0.0474
  Step 400/1401 | Loss: 0.1650 | Main: 0.1650
  Step 450/1401 | Loss: 0.2238 | Main: 0.2238
  Step 500/1401 | Loss: 0.0890 | Main: 0.0890
  Step 550/1401 | Loss: 0.5061 | Main: 0.5061
  Step 600/1401 | Loss: 0.1944 | Main: 0.1944
  Step 650/1401 | Loss: 0.1838 | Main: 0.1838
  Step 700/1401 | Loss: 0.3016 | Main: 0.3016
  Step 750/1401 | Loss: 0.2493 | Main: 0.2493
  Step 800/1401 | Loss: 0.1055 | Main: 0.1055
  Step 850/1401 | Loss: 0.1041 | Main: 0.1041
  Step 900/1401 | Loss: 0.9309 | Main: 0.9309
  Step 950/1401 | Loss: 0.4073 | Main: 0.4073
  Step 1000/1401 | Loss: 0.1249 | Main: 0.1249
  Step 1050/1401 | Loss: 0.1369 | Main: 0.1369
  Step 1100/1401 | Loss: 0.1183 | Main: 0.1183
  Step 1150/1401 | Loss: 0.0296 | Main: 0.0296
  Step 1200/1401 | Loss: 0.2779 | Main: 0.2779
  Step 1250/1401 | Loss: 0.2754 | Main: 0.2754
  Step 1300/1401 | Loss: 0.3812 | Main: 0.3812
  Step 1350/1401 | Loss: 0.3082 | Main: 0.3082
  Step 1400/1401 | Loss: 0.0617 | Main: 0.0617
Train Loss: 0.2561 | Main: 0.2561
Dev Loss: 0.0973 | Best F1: 0.9648 @ thresh 0.60
  ↑ New best!

Epoch 2/2
----------------------------------------
  Step 0/1401 | Loss: 0.1463 | Main: 0.1463
  Step 50/1401 | Loss: 0.0505 | Main: 0.0505
  Step 100/1401 | Loss: 0.7807 | Main: 0.7807
  Step 150/1401 | Loss: 0.0803 | Main: 0.0803
  Step 200/1401 | Loss: 0.0765 | Main: 0.0765
  Step 250/1401 | Loss: 0.0713 | Main: 0.0713
  Step 300/1401 | Loss: 0.2555 | Main: 0.2555
  Step 350/1401 | Loss: 0.0486 | Main: 0.0486
  Step 400/1401 | Loss: 0.0749 | Main: 0.0749
  Step 450/1401 | Loss: 0.2803 | Main: 0.2803
  Step 500/1401 | Loss: 0.1599 | Main: 0.1599
  Step 550/1401 | Loss: 0.1785 | Main: 0.1785
  Step 600/1401 | Loss: 0.0353 | Main: 0.0353
  Step 650/1401 | Loss: 0.0465 | Main: 0.0465
  Step 700/1401 | Loss: 0.1079 | Main: 0.1079
  Step 750/1401 | Loss: 0.0896 | Main: 0.0896
  Step 800/1401 | Loss: 0.2025 | Main: 0.2025
  Step 850/1401 | Loss: 0.0371 | Main: 0.0371
  Step 900/1401 | Loss: 0.0220 | Main: 0.0220
  Step 950/1401 | Loss: 0.2404 | Main: 0.2404
  Step 1000/1401 | Loss: 0.0163 | Main: 0.0163
  Step 1050/1401 | Loss: 0.0526 | Main: 0.0526
  Step 1100/1401 | Loss: 0.1217 | Main: 0.1217
  Step 1150/1401 | Loss: 0.1833 | Main: 0.1833
  Step 1200/1401 | Loss: 0.1439 | Main: 0.1439
  Step 1250/1401 | Loss: 0.2038 | Main: 0.2038
  Step 1300/1401 | Loss: 0.1653 | Main: 0.1653
  Step 1350/1401 | Loss: 0.1289 | Main: 0.1289
  Step 1400/1401 | Loss: 0.0323 | Main: 0.0323
Train Loss: 0.1571 | Main: 0.1571
Dev Loss: 0.0823 | Best F1: 0.9730 @ thresh 0.60
  ↑ New best!
Checkpoint saved: /home/ubuntu/explainableACD/experiments/results/deberta_mtl_cikm_20260512_134553/checkpoint_phase3.pt

================================================================================
FINAL EVALUATION
================================================================================

Dev Set:

Threshold    F1         Acc        Prec       Recall    
-------------------------------------------------------
0.30         0.9556     0.9787     0.9186     0.9958    
0.35         0.9533     0.9777     0.9216     0.9874    
0.40         0.9551     0.9787     0.9286     0.9832    
0.45         0.9551     0.9787     0.9286     0.9832    
0.50         0.9610     0.9816     0.9398     0.9832    
0.55         0.9669     0.9845     0.9512     0.9832    
0.60         0.9730     0.9874     0.9630     0.9832    
0.65         0.9730     0.9874     0.9630     0.9832    
0.70         0.9687     0.9855     0.9627     0.9748    

Best dev F1: 0.9730 @ threshold 0.60

Test Set:

Threshold    F1         Acc        Prec       Recall    
-------------------------------------------------------
0.30         0.8242     0.9062     0.7979     0.8523     🔥
0.35         0.8242     0.9062     0.7979     0.8523     🔥
0.40         0.8287     0.9091     0.8065     0.8523     🔥
0.45         0.8287     0.9091     0.8065     0.8523     🔥
0.50         0.8333     0.9120     0.8152     0.8523     🔥
0.55         0.8136     0.9032     0.8090     0.8182     🔥
0.60         0.8046     0.9003     0.8140     0.7955     🔥
0.65         0.8070     0.9032     0.8313     0.7841     🔥
0.70         0.7904     0.8974     0.8354     0.7500     🔥

================================================================================
SUMMARY
================================================================================

Best Test F1: 0.8333 @ threshold 0.50
Best Test Acc: 0.9120

SOTA Comparison:
  F1:  0.8200 → 0.8333 (gap: +0.0133)
  Acc: 0.9050 → 0.9120 (gap: +0.0070)

Results saved to: /home/ubuntu/explainableACD/experiments/results/deberta_mtl_cikm_20260512_134553/results.json
Model saved to: /home/ubuntu/explainableACD/experiments/results/deberta_mtl_cikm_20260512_134553/best_model.pt

================================================================================
🏆 SOTA ACHIEVED!
================================================================================
